2018-11-25 10:01:32.979  INFO 52092 --- [main] c.o.onemdabackend.OnemdaApplication      : Starting OnemdaApplication on C02WW26THTDD with PID 52092 (/Users/stephen.dodd/self-study/rhok/onemda-frontend-backend/backend/target/classes started by stephen.dodd in /Users/stephen.dodd/self-study/rhok/onemda-frontend-backend/backend)
2018-11-25 10:01:32.990  INFO 52092 --- [main] c.o.onemdabackend.OnemdaApplication      : No active profile set, falling back to default profiles: default
2018-11-25 10:01:33.048  INFO 52092 --- [main] ConfigServletWebServerApplicationContext : Refreshing org.springframework.boot.web.servlet.context.AnnotationConfigServletWebServerApplicationContext@76fea721: startup date [Sun Nov 25 10:01:33 AEDT 2018]; root of context hierarchy
2018-11-25 10:01:34.179  INFO 52092 --- [main] o.s.b.w.embedded.tomcat.TomcatWebServer  : Tomcat initialized with port(s): 8099 (http)
2018-11-25 10:01:34.203  INFO 52092 --- [main] o.apache.catalina.core.StandardService   : Starting service [Tomcat]
2018-11-25 10:01:34.204  INFO 52092 --- [main] org.apache.catalina.core.StandardEngine  : Starting Servlet Engine: Apache Tomcat/8.5.28
2018-11-25 10:01:34.214  INFO 52092 --- [localhost-startStop-1] o.a.catalina.core.AprLifecycleListener   : The APR based Apache Tomcat Native library which allows optimal performance in production environments was not found on the java.library.path: [/Users/stephen.dodd/Library/Java/Extensions:/Library/Java/Extensions:/Network/Library/Java/Extensions:/System/Library/Java/Extensions:/usr/lib/java:.]
2018-11-25 10:01:34.296  INFO 52092 --- [localhost-startStop-1] o.a.c.c.C.[Tomcat].[localhost].[/]       : Initializing Spring embedded WebApplicationContext
2018-11-25 10:01:34.296  INFO 52092 --- [localhost-startStop-1] o.s.web.context.ContextLoader            : Root WebApplicationContext: initialization completed in 1248 ms
2018-11-25 10:01:34.410  INFO 52092 --- [localhost-startStop-1] o.s.b.w.servlet.ServletRegistrationBean  : Servlet dispatcherServlet mapped to [/]
2018-11-25 10:01:34.413  INFO 52092 --- [localhost-startStop-1] o.s.b.w.servlet.FilterRegistrationBean   : Mapping filter: 'characterEncodingFilter' to: [/*]
2018-11-25 10:01:34.414  INFO 52092 --- [localhost-startStop-1] o.s.b.w.servlet.FilterRegistrationBean   : Mapping filter: 'hiddenHttpMethodFilter' to: [/*]
2018-11-25 10:01:34.414  INFO 52092 --- [localhost-startStop-1] o.s.b.w.servlet.FilterRegistrationBean   : Mapping filter: 'httpPutFormContentFilter' to: [/*]
2018-11-25 10:01:34.414  INFO 52092 --- [localhost-startStop-1] o.s.b.w.servlet.FilterRegistrationBean   : Mapping filter: 'requestContextFilter' to: [/*]
2018-11-25 10:01:34.776  INFO 52092 --- [main] org.mongodb.driver.cluster               : Cluster created with settings {hosts=[localhost:27017], mode=MULTIPLE, requiredClusterType=UNKNOWN, serverSelectionTimeout='30000 ms', maxWaitQueueSize=500}
2018-11-25 10:01:34.776  INFO 52092 --- [main] org.mongodb.driver.cluster               : Adding discovered server localhost:27017 to client view of cluster
2018-11-25 10:01:34.843  INFO 52092 --- [cluster-ClusterId{value='5bf9d84e5c62f8cb7cd8e163', description='null'}-localhost:27017] org.mongodb.driver.connection            : Opened connection [connectionId{localValue:1, serverValue:10}] to localhost:27017
2018-11-25 10:01:34.848  INFO 52092 --- [cluster-ClusterId{value='5bf9d84e5c62f8cb7cd8e163', description='null'}-localhost:27017] org.mongodb.driver.cluster               : Monitor thread successfully connected to server with description ServerDescription{address=localhost:27017, type=STANDALONE, state=CONNECTED, ok=true, version=ServerVersion{versionList=[4, 0, 4]}, minWireVersion=0, maxWireVersion=7, maxDocumentSize=16777216, logicalSessionTimeoutMinutes=30, roundTripTimeNanos=2815204}
2018-11-25 10:01:34.849  INFO 52092 --- [cluster-ClusterId{value='5bf9d84e5c62f8cb7cd8e163', description='null'}-localhost:27017] org.mongodb.driver.cluster               : Discovered cluster type of STANDALONE
2018-11-25 10:01:35.344  INFO 52092 --- [main] s.w.s.m.m.a.RequestMappingHandlerAdapter : Looking for @ControllerAdvice: org.springframework.boot.web.servlet.context.AnnotationConfigServletWebServerApplicationContext@76fea721: startup date [Sun Nov 25 10:01:33 AEDT 2018]; root of context hierarchy
2018-11-25 10:01:35.420  INFO 52092 --- [main] s.w.s.m.m.a.RequestMappingHandlerMapping : Mapped "{[/api/onemda/sayHello],methods=[GET]}" onto public java.lang.String com.onemda.onemdabackend.controller.OnemdaController.sayHello()
2018-11-25 10:01:35.421  INFO 52092 --- [main] s.w.s.m.m.a.RequestMappingHandlerMapping : Mapped "{[/api/onemda/instructorfeedback],methods=[POST]}" onto public void com.onemda.onemdabackend.controller.OnemdaController.postInstructorFeedback(com.onemda.onemdabackend.model.InstructorFeedback)
2018-11-25 10:01:35.422  INFO 52092 --- [main] s.w.s.m.m.a.RequestMappingHandlerMapping : Mapped "{[/api/onemda/instructorfeedback],methods=[GET]}" onto public java.util.List<com.onemda.onemdabackend.model.InstructorFeedback> com.onemda.onemdabackend.controller.OnemdaController.getInstructorFeedback()
2018-11-25 10:01:35.424  INFO 52092 --- [main] s.w.s.m.m.a.RequestMappingHandlerMapping : Mapped "{[/error]}" onto public org.springframework.http.ResponseEntity<java.util.Map<java.lang.String, java.lang.Object>> org.springframework.boot.autoconfigure.web.servlet.error.BasicErrorController.error(javax.servlet.http.HttpServletRequest)
2018-11-25 10:01:35.425  INFO 52092 --- [main] s.w.s.m.m.a.RequestMappingHandlerMapping : Mapped "{[/error],produces=[text/html]}" onto public org.springframework.web.servlet.ModelAndView org.springframework.boot.autoconfigure.web.servlet.error.BasicErrorController.errorHtml(javax.servlet.http.HttpServletRequest,javax.servlet.http.HttpServletResponse)
2018-11-25 10:01:35.454  INFO 52092 --- [main] o.s.w.s.handler.SimpleUrlHandlerMapping  : Mapped URL path [/webjars/**] onto handler of type [class org.springframework.web.servlet.resource.ResourceHttpRequestHandler]
2018-11-25 10:01:35.455  INFO 52092 --- [main] o.s.w.s.handler.SimpleUrlHandlerMapping  : Mapped URL path [/**] onto handler of type [class org.springframework.web.servlet.resource.ResourceHttpRequestHandler]
2018-11-25 10:01:35.468  INFO 52092 --- [main] .m.m.a.ExceptionHandlerExceptionResolver : Detected @ExceptionHandler methods in controllerExceptionAdvisor
2018-11-25 10:01:35.488  INFO 52092 --- [main] o.s.w.s.handler.SimpleUrlHandlerMapping  : Mapped URL path [/**/favicon.ico] onto handler of type [class org.springframework.web.servlet.resource.ResourceHttpRequestHandler]
2018-11-25 10:01:35.633  INFO 52092 --- [main] o.s.j.e.a.AnnotationMBeanExporter        : Registering beans for JMX exposure on startup
2018-11-25 10:01:35.682  INFO 52092 --- [main] o.s.b.w.embedded.tomcat.TomcatWebServer  : Tomcat started on port(s): 8099 (http) with context path ''
2018-11-25 10:01:35.685  INFO 52092 --- [main] c.o.onemdabackend.OnemdaApplication      : Started OnemdaApplication in 3.01 seconds (JVM running for 5.561)
2018-11-25 10:02:21.572  INFO 52092 --- [http-nio-8099-exec-1] o.a.c.c.C.[Tomcat].[localhost].[/]       : Initializing Spring FrameworkServlet 'dispatcherServlet'
2018-11-25 10:02:21.572  INFO 52092 --- [http-nio-8099-exec-1] o.s.web.servlet.DispatcherServlet        : FrameworkServlet 'dispatcherServlet': initialization started
2018-11-25 10:02:21.592  INFO 52092 --- [http-nio-8099-exec-1] o.s.web.servlet.DispatcherServlet        : FrameworkServlet 'dispatcherServlet': initialization completed in 19 ms
2018-11-25 10:03:21.269  INFO 52092 --- [Thread-4] ConfigServletWebServerApplicationContext : Closing org.springframework.boot.web.servlet.context.AnnotationConfigServletWebServerApplicationContext@76fea721: startup date [Sun Nov 25 10:01:33 AEDT 2018]; root of context hierarchy
2018-11-25 10:03:21.271  INFO 52092 --- [Thread-4] o.s.j.e.a.AnnotationMBeanExporter        : Unregistering JMX-exposed beans on shutdown
2018-11-25 10:03:38.972  INFO 52149 --- [main] c.o.onemdabackend.OnemdaApplication      : Starting OnemdaApplication on C02WW26THTDD with PID 52149 (/Users/stephen.dodd/self-study/rhok/onemda-frontend-backend/backend/target/classes started by stephen.dodd in /Users/stephen.dodd/self-study/rhok/onemda-frontend-backend/backend)
2018-11-25 10:03:38.976  INFO 52149 --- [main] c.o.onemdabackend.OnemdaApplication      : No active profile set, falling back to default profiles: default
2018-11-25 10:03:39.021  INFO 52149 --- [main] ConfigServletWebServerApplicationContext : Refreshing org.springframework.boot.web.servlet.context.AnnotationConfigServletWebServerApplicationContext@51d14776: startup date [Sun Nov 25 10:03:39 AEDT 2018]; root of context hierarchy
2018-11-25 10:03:40.079  INFO 52149 --- [main] o.s.b.w.embedded.tomcat.TomcatWebServer  : Tomcat initialized with port(s): 8099 (http)
2018-11-25 10:03:40.102  INFO 52149 --- [main] o.apache.catalina.core.StandardService   : Starting service [Tomcat]
2018-11-25 10:03:40.102  INFO 52149 --- [main] org.apache.catalina.core.StandardEngine  : Starting Servlet Engine: Apache Tomcat/8.5.28
2018-11-25 10:03:40.111  INFO 52149 --- [localhost-startStop-1] o.a.catalina.core.AprLifecycleListener   : The APR based Apache Tomcat Native library which allows optimal performance in production environments was not found on the java.library.path: [/Users/stephen.dodd/Library/Java/Extensions:/Library/Java/Extensions:/Network/Library/Java/Extensions:/System/Library/Java/Extensions:/usr/lib/java:.]
2018-11-25 10:03:40.182  INFO 52149 --- [localhost-startStop-1] o.a.c.c.C.[Tomcat].[localhost].[/]       : Initializing Spring embedded WebApplicationContext
2018-11-25 10:03:40.182  INFO 52149 --- [localhost-startStop-1] o.s.web.context.ContextLoader            : Root WebApplicationContext: initialization completed in 1161 ms
2018-11-25 10:03:40.295  INFO 52149 --- [localhost-startStop-1] o.s.b.w.servlet.ServletRegistrationBean  : Servlet dispatcherServlet mapped to [/]
2018-11-25 10:03:40.299  INFO 52149 --- [localhost-startStop-1] o.s.b.w.servlet.FilterRegistrationBean   : Mapping filter: 'characterEncodingFilter' to: [/*]
2018-11-25 10:03:40.300  INFO 52149 --- [localhost-startStop-1] o.s.b.w.servlet.FilterRegistrationBean   : Mapping filter: 'hiddenHttpMethodFilter' to: [/*]
2018-11-25 10:03:40.300  INFO 52149 --- [localhost-startStop-1] o.s.b.w.servlet.FilterRegistrationBean   : Mapping filter: 'httpPutFormContentFilter' to: [/*]
2018-11-25 10:03:40.300  INFO 52149 --- [localhost-startStop-1] o.s.b.w.servlet.FilterRegistrationBean   : Mapping filter: 'requestContextFilter' to: [/*]
2018-11-25 10:03:40.583  INFO 52149 --- [main] org.mongodb.driver.cluster               : Cluster created with settings {hosts=[localhost:27017], mode=MULTIPLE, requiredClusterType=UNKNOWN, serverSelectionTimeout='30000 ms', maxWaitQueueSize=500}
2018-11-25 10:03:40.583  INFO 52149 --- [main] org.mongodb.driver.cluster               : Adding discovered server localhost:27017 to client view of cluster
2018-11-25 10:03:40.648  INFO 52149 --- [cluster-ClusterId{value='5bf9d8cc5c62f8cbb59c8bb6', description='null'}-localhost:27017] org.mongodb.driver.connection            : Opened connection [connectionId{localValue:1, serverValue:11}] to localhost:27017
2018-11-25 10:03:40.651  INFO 52149 --- [cluster-ClusterId{value='5bf9d8cc5c62f8cbb59c8bb6', description='null'}-localhost:27017] org.mongodb.driver.cluster               : Monitor thread successfully connected to server with description ServerDescription{address=localhost:27017, type=STANDALONE, state=CONNECTED, ok=true, version=ServerVersion{versionList=[4, 0, 4]}, minWireVersion=0, maxWireVersion=7, maxDocumentSize=16777216, logicalSessionTimeoutMinutes=30, roundTripTimeNanos=2181620}
2018-11-25 10:03:40.652  INFO 52149 --- [cluster-ClusterId{value='5bf9d8cc5c62f8cbb59c8bb6', description='null'}-localhost:27017] org.mongodb.driver.cluster               : Discovered cluster type of STANDALONE
2018-11-25 10:03:41.184  INFO 52149 --- [main] s.w.s.m.m.a.RequestMappingHandlerAdapter : Looking for @ControllerAdvice: org.springframework.boot.web.servlet.context.AnnotationConfigServletWebServerApplicationContext@51d14776: startup date [Sun Nov 25 10:03:39 AEDT 2018]; root of context hierarchy
2018-11-25 10:03:41.275  INFO 52149 --- [main] s.w.s.m.m.a.RequestMappingHandlerMapping : Mapped "{[/api/onemda/sayHello],methods=[GET]}" onto public java.lang.String com.onemda.onemdabackend.controller.OnemdaController.sayHello()
2018-11-25 10:03:41.276  INFO 52149 --- [main] s.w.s.m.m.a.RequestMappingHandlerMapping : Mapped "{[/api/onemda/instructorfeedback],methods=[POST]}" onto public void com.onemda.onemdabackend.controller.OnemdaController.postInstructorFeedback(com.onemda.onemdabackend.model.InstructorFeedback)
2018-11-25 10:03:41.277  INFO 52149 --- [main] s.w.s.m.m.a.RequestMappingHandlerMapping : Mapped "{[/api/onemda/instructorfeedback],methods=[GET]}" onto public java.util.List<com.onemda.onemdabackend.model.InstructorFeedback> com.onemda.onemdabackend.controller.OnemdaController.getInstructorFeedback()
2018-11-25 10:03:41.282  INFO 52149 --- [main] s.w.s.m.m.a.RequestMappingHandlerMapping : Mapped "{[/error]}" onto public org.springframework.http.ResponseEntity<java.util.Map<java.lang.String, java.lang.Object>> org.springframework.boot.autoconfigure.web.servlet.error.BasicErrorController.error(javax.servlet.http.HttpServletRequest)
2018-11-25 10:03:41.283  INFO 52149 --- [main] s.w.s.m.m.a.RequestMappingHandlerMapping : Mapped "{[/error],produces=[text/html]}" onto public org.springframework.web.servlet.ModelAndView org.springframework.boot.autoconfigure.web.servlet.error.BasicErrorController.errorHtml(javax.servlet.http.HttpServletRequest,javax.servlet.http.HttpServletResponse)
2018-11-25 10:03:41.322  INFO 52149 --- [main] o.s.w.s.handler.SimpleUrlHandlerMapping  : Mapped URL path [/webjars/**] onto handler of type [class org.springframework.web.servlet.resource.ResourceHttpRequestHandler]
2018-11-25 10:03:41.323  INFO 52149 --- [main] o.s.w.s.handler.SimpleUrlHandlerMapping  : Mapped URL path [/**] onto handler of type [class org.springframework.web.servlet.resource.ResourceHttpRequestHandler]
2018-11-25 10:03:41.339  INFO 52149 --- [main] .m.m.a.ExceptionHandlerExceptionResolver : Detected @ExceptionHandler methods in controllerExceptionAdvisor
2018-11-25 10:03:41.369  INFO 52149 --- [main] o.s.w.s.handler.SimpleUrlHandlerMapping  : Mapped URL path [/**/favicon.ico] onto handler of type [class org.springframework.web.servlet.resource.ResourceHttpRequestHandler]
2018-11-25 10:03:41.556  INFO 52149 --- [main] o.s.j.e.a.AnnotationMBeanExporter        : Registering beans for JMX exposure on startup
2018-11-25 10:03:41.603  INFO 52149 --- [main] o.s.b.w.embedded.tomcat.TomcatWebServer  : Tomcat started on port(s): 8099 (http) with context path ''
2018-11-25 10:03:41.606  INFO 52149 --- [main] c.o.onemdabackend.OnemdaApplication      : Started OnemdaApplication in 2.921 seconds (JVM running for 5.487)
2018-11-25 10:03:48.788  INFO 52149 --- [http-nio-8099-exec-1] o.a.c.c.C.[Tomcat].[localhost].[/]       : Initializing Spring FrameworkServlet 'dispatcherServlet'
2018-11-25 10:03:48.789  INFO 52149 --- [http-nio-8099-exec-1] o.s.web.servlet.DispatcherServlet        : FrameworkServlet 'dispatcherServlet': initialization started
2018-11-25 10:03:48.806  INFO 52149 --- [http-nio-8099-exec-1] o.s.web.servlet.DispatcherServlet        : FrameworkServlet 'dispatcherServlet': initialization completed in 17 ms
2018-11-25 10:10:36.891  INFO 52149 --- [http-nio-8099-exec-7] org.mongodb.driver.connection            : Opened connection [connectionId{localValue:2, serverValue:12}] to localhost:27017
2018-11-25 10:51:20.725  INFO 52149 --- [Thread-4] ConfigServletWebServerApplicationContext : Closing org.springframework.boot.web.servlet.context.AnnotationConfigServletWebServerApplicationContext@51d14776: startup date [Sun Nov 25 10:03:39 AEDT 2018]; root of context hierarchy
2018-11-25 10:51:20.748  INFO 52149 --- [Thread-4] o.s.j.e.a.AnnotationMBeanExporter        : Unregistering JMX-exposed beans on shutdown
2018-11-25 10:51:20.772  INFO 52149 --- [Thread-4] org.mongodb.driver.connection            : Closed connection [connectionId{localValue:2, serverValue:12}] to localhost:27017 because the pool has been closed.
2018-11-25 10:51:37.829  INFO 53489 --- [main] c.o.onemdabackend.OnemdaApplication      : Starting OnemdaApplication on C02WW26THTDD with PID 53489 (/Users/stephen.dodd/self-study/rhok/onemda-frontend-backend/backend/target/classes started by stephen.dodd in /Users/stephen.dodd/self-study/rhok/onemda-frontend-backend/backend)
2018-11-25 10:51:37.839  INFO 53489 --- [main] c.o.onemdabackend.OnemdaApplication      : No active profile set, falling back to default profiles: default
2018-11-25 10:51:37.884  INFO 53489 --- [main] ConfigServletWebServerApplicationContext : Refreshing org.springframework.boot.web.servlet.context.AnnotationConfigServletWebServerApplicationContext@77741510: startup date [Sun Nov 25 10:51:37 AEDT 2018]; root of context hierarchy
2018-11-25 10:51:38.996  INFO 53489 --- [main] o.s.b.w.embedded.tomcat.TomcatWebServer  : Tomcat initialized with port(s): 8099 (http)
2018-11-25 10:51:39.024  INFO 53489 --- [main] o.apache.catalina.core.StandardService   : Starting service [Tomcat]
2018-11-25 10:51:39.025  INFO 53489 --- [main] org.apache.catalina.core.StandardEngine  : Starting Servlet Engine: Apache Tomcat/8.5.28
2018-11-25 10:51:39.037  INFO 53489 --- [localhost-startStop-1] o.a.catalina.core.AprLifecycleListener   : The APR based Apache Tomcat Native library which allows optimal performance in production environments was not found on the java.library.path: [/Users/stephen.dodd/Library/Java/Extensions:/Library/Java/Extensions:/Network/Library/Java/Extensions:/System/Library/Java/Extensions:/usr/lib/java:.]
2018-11-25 10:51:39.129  INFO 53489 --- [localhost-startStop-1] o.a.c.c.C.[Tomcat].[localhost].[/]       : Initializing Spring embedded WebApplicationContext
2018-11-25 10:51:39.129  INFO 53489 --- [localhost-startStop-1] o.s.web.context.ContextLoader            : Root WebApplicationContext: initialization completed in 1245 ms
2018-11-25 10:51:39.255  INFO 53489 --- [localhost-startStop-1] o.s.b.w.servlet.ServletRegistrationBean  : Servlet dispatcherServlet mapped to [/]
2018-11-25 10:51:39.258  INFO 53489 --- [localhost-startStop-1] o.s.b.w.servlet.FilterRegistrationBean   : Mapping filter: 'characterEncodingFilter' to: [/*]
2018-11-25 10:51:39.259  INFO 53489 --- [localhost-startStop-1] o.s.b.w.servlet.FilterRegistrationBean   : Mapping filter: 'hiddenHttpMethodFilter' to: [/*]
2018-11-25 10:51:39.259  INFO 53489 --- [localhost-startStop-1] o.s.b.w.servlet.FilterRegistrationBean   : Mapping filter: 'httpPutFormContentFilter' to: [/*]
2018-11-25 10:51:39.259  INFO 53489 --- [localhost-startStop-1] o.s.b.w.servlet.FilterRegistrationBean   : Mapping filter: 'requestContextFilter' to: [/*]
2018-11-25 10:51:39.535  INFO 53489 --- [main] org.mongodb.driver.cluster               : Cluster created with settings {hosts=[localhost:27017], mode=MULTIPLE, requiredClusterType=UNKNOWN, serverSelectionTimeout='30000 ms', maxWaitQueueSize=500}
2018-11-25 10:51:39.535  INFO 53489 --- [main] org.mongodb.driver.cluster               : Adding discovered server localhost:27017 to client view of cluster
2018-11-25 10:51:39.609  INFO 53489 --- [cluster-ClusterId{value='5bf9e40b5c62f8d0f1e54ba1', description='null'}-localhost:27017] org.mongodb.driver.connection            : Opened connection [connectionId{localValue:1, serverValue:18}] to localhost:27017
2018-11-25 10:51:39.613  INFO 53489 --- [cluster-ClusterId{value='5bf9e40b5c62f8d0f1e54ba1', description='null'}-localhost:27017] org.mongodb.driver.cluster               : Monitor thread successfully connected to server with description ServerDescription{address=localhost:27017, type=STANDALONE, state=CONNECTED, ok=true, version=ServerVersion{versionList=[4, 0, 4]}, minWireVersion=0, maxWireVersion=7, maxDocumentSize=16777216, logicalSessionTimeoutMinutes=30, roundTripTimeNanos=2575971}
2018-11-25 10:51:39.615  INFO 53489 --- [cluster-ClusterId{value='5bf9e40b5c62f8d0f1e54ba1', description='null'}-localhost:27017] org.mongodb.driver.cluster               : Discovered cluster type of STANDALONE
2018-11-25 10:51:40.171  INFO 53489 --- [main] s.w.s.m.m.a.RequestMappingHandlerAdapter : Looking for @ControllerAdvice: org.springframework.boot.web.servlet.context.AnnotationConfigServletWebServerApplicationContext@77741510: startup date [Sun Nov 25 10:51:37 AEDT 2018]; root of context hierarchy
2018-11-25 10:51:40.264  INFO 53489 --- [main] s.w.s.m.m.a.RequestMappingHandlerMapping : Mapped "{[/api/onemda/sayHello],methods=[GET]}" onto public java.lang.String com.onemda.onemdabackend.controller.OnemdaController.sayHello()
2018-11-25 10:51:40.265  INFO 53489 --- [main] s.w.s.m.m.a.RequestMappingHandlerMapping : Mapped "{[/api/onemda/instructorfeedback],methods=[POST]}" onto public void com.onemda.onemdabackend.controller.OnemdaController.postInstructorFeedback(com.onemda.onemdabackend.model.InstructorFeedback)
2018-11-25 10:51:40.267  INFO 53489 --- [main] s.w.s.m.m.a.RequestMappingHandlerMapping : Mapped "{[/api/onemda/instructorfeedback],methods=[GET]}" onto public java.util.List<com.onemda.onemdabackend.model.InstructorFeedback> com.onemda.onemdabackend.controller.OnemdaController.getInstructorFeedback()
2018-11-25 10:51:40.271  INFO 53489 --- [main] s.w.s.m.m.a.RequestMappingHandlerMapping : Mapped "{[/error]}" onto public org.springframework.http.ResponseEntity<java.util.Map<java.lang.String, java.lang.Object>> org.springframework.boot.autoconfigure.web.servlet.error.BasicErrorController.error(javax.servlet.http.HttpServletRequest)
2018-11-25 10:51:40.272  INFO 53489 --- [main] s.w.s.m.m.a.RequestMappingHandlerMapping : Mapped "{[/error],produces=[text/html]}" onto public org.springframework.web.servlet.ModelAndView org.springframework.boot.autoconfigure.web.servlet.error.BasicErrorController.errorHtml(javax.servlet.http.HttpServletRequest,javax.servlet.http.HttpServletResponse)
2018-11-25 10:51:40.311  INFO 53489 --- [main] o.s.w.s.handler.SimpleUrlHandlerMapping  : Mapped URL path [/webjars/**] onto handler of type [class org.springframework.web.servlet.resource.ResourceHttpRequestHandler]
2018-11-25 10:51:40.311  INFO 53489 --- [main] o.s.w.s.handler.SimpleUrlHandlerMapping  : Mapped URL path [/**] onto handler of type [class org.springframework.web.servlet.resource.ResourceHttpRequestHandler]
2018-11-25 10:51:40.326  INFO 53489 --- [main] .m.m.a.ExceptionHandlerExceptionResolver : Detected @ExceptionHandler methods in controllerExceptionAdvisor
2018-11-25 10:51:40.355  INFO 53489 --- [main] o.s.w.s.handler.SimpleUrlHandlerMapping  : Mapped URL path [/**/favicon.ico] onto handler of type [class org.springframework.web.servlet.resource.ResourceHttpRequestHandler]
2018-11-25 10:51:40.539  INFO 53489 --- [main] o.s.j.e.a.AnnotationMBeanExporter        : Registering beans for JMX exposure on startup
2018-11-25 10:51:40.589  INFO 53489 --- [main] o.s.b.w.embedded.tomcat.TomcatWebServer  : Tomcat started on port(s): 8099 (http) with context path ''
2018-11-25 10:51:40.592  INFO 53489 --- [main] c.o.onemdabackend.OnemdaApplication      : Started OnemdaApplication in 3.071 seconds (JVM running for 5.758)
2018-11-25 10:51:49.767  INFO 53489 --- [http-nio-8099-exec-1] o.a.c.c.C.[Tomcat].[localhost].[/]       : Initializing Spring FrameworkServlet 'dispatcherServlet'
2018-11-25 10:51:49.773  INFO 53489 --- [http-nio-8099-exec-1] o.s.web.servlet.DispatcherServlet        : FrameworkServlet 'dispatcherServlet': initialization started
2018-11-25 10:51:49.793  INFO 53489 --- [http-nio-8099-exec-1] o.s.web.servlet.DispatcherServlet        : FrameworkServlet 'dispatcherServlet': initialization completed in 20 ms
2018-11-25 10:53:20.798  INFO 53489 --- [Thread-4] ConfigServletWebServerApplicationContext : Closing org.springframework.boot.web.servlet.context.AnnotationConfigServletWebServerApplicationContext@77741510: startup date [Sun Nov 25 10:51:37 AEDT 2018]; root of context hierarchy
2018-11-25 10:53:20.800  INFO 53489 --- [Thread-4] o.s.j.e.a.AnnotationMBeanExporter        : Unregistering JMX-exposed beans on shutdown
2018-11-25 10:53:32.080  INFO 53558 --- [main] c.o.onemdabackend.OnemdaApplication      : Starting OnemdaApplication on C02WW26THTDD with PID 53558 (/Users/stephen.dodd/self-study/rhok/onemda-frontend-backend/backend/target/classes started by stephen.dodd in /Users/stephen.dodd/self-study/rhok/onemda-frontend-backend/backend)
2018-11-25 10:53:32.084  INFO 53558 --- [main] c.o.onemdabackend.OnemdaApplication      : No active profile set, falling back to default profiles: default
2018-11-25 10:53:32.132  INFO 53558 --- [main] ConfigServletWebServerApplicationContext : Refreshing org.springframework.boot.web.servlet.context.AnnotationConfigServletWebServerApplicationContext@7fdaaac8: startup date [Sun Nov 25 10:53:32 AEDT 2018]; root of context hierarchy
2018-11-25 10:53:33.249  INFO 53558 --- [main] o.s.b.w.embedded.tomcat.TomcatWebServer  : Tomcat initialized with port(s): 8099 (http)
2018-11-25 10:53:33.271  INFO 53558 --- [main] o.apache.catalina.core.StandardService   : Starting service [Tomcat]
2018-11-25 10:53:33.271  INFO 53558 --- [main] org.apache.catalina.core.StandardEngine  : Starting Servlet Engine: Apache Tomcat/8.5.28
2018-11-25 10:53:33.282  INFO 53558 --- [localhost-startStop-1] o.a.catalina.core.AprLifecycleListener   : The APR based Apache Tomcat Native library which allows optimal performance in production environments was not found on the java.library.path: [/Users/stephen.dodd/Library/Java/Extensions:/Library/Java/Extensions:/Network/Library/Java/Extensions:/System/Library/Java/Extensions:/usr/lib/java:.]
2018-11-25 10:53:33.358  INFO 53558 --- [localhost-startStop-1] o.a.c.c.C.[Tomcat].[localhost].[/]       : Initializing Spring embedded WebApplicationContext
2018-11-25 10:53:33.358  INFO 53558 --- [localhost-startStop-1] o.s.web.context.ContextLoader            : Root WebApplicationContext: initialization completed in 1226 ms
2018-11-25 10:53:33.463  INFO 53558 --- [localhost-startStop-1] o.s.b.w.servlet.ServletRegistrationBean  : Servlet dispatcherServlet mapped to [/]
2018-11-25 10:53:33.467  INFO 53558 --- [localhost-startStop-1] o.s.b.w.servlet.FilterRegistrationBean   : Mapping filter: 'characterEncodingFilter' to: [/*]
2018-11-25 10:53:33.467  INFO 53558 --- [localhost-startStop-1] o.s.b.w.servlet.FilterRegistrationBean   : Mapping filter: 'hiddenHttpMethodFilter' to: [/*]
2018-11-25 10:53:33.468  INFO 53558 --- [localhost-startStop-1] o.s.b.w.servlet.FilterRegistrationBean   : Mapping filter: 'httpPutFormContentFilter' to: [/*]
2018-11-25 10:53:33.468  INFO 53558 --- [localhost-startStop-1] o.s.b.w.servlet.FilterRegistrationBean   : Mapping filter: 'requestContextFilter' to: [/*]
2018-11-25 10:53:33.778  INFO 53558 --- [main] org.mongodb.driver.cluster               : Cluster created with settings {hosts=[localhost:27017], mode=MULTIPLE, requiredClusterType=UNKNOWN, serverSelectionTimeout='30000 ms', maxWaitQueueSize=500}
2018-11-25 10:53:33.778  INFO 53558 --- [main] org.mongodb.driver.cluster               : Adding discovered server localhost:27017 to client view of cluster
2018-11-25 10:53:33.847  INFO 53558 --- [cluster-ClusterId{value='5bf9e47d5c62f8d136f9bfa4', description='null'}-localhost:27017] org.mongodb.driver.connection            : Opened connection [connectionId{localValue:1, serverValue:19}] to localhost:27017
2018-11-25 10:53:33.850  INFO 53558 --- [cluster-ClusterId{value='5bf9e47d5c62f8d136f9bfa4', description='null'}-localhost:27017] org.mongodb.driver.cluster               : Monitor thread successfully connected to server with description ServerDescription{address=localhost:27017, type=STANDALONE, state=CONNECTED, ok=true, version=ServerVersion{versionList=[4, 0, 4]}, minWireVersion=0, maxWireVersion=7, maxDocumentSize=16777216, logicalSessionTimeoutMinutes=30, roundTripTimeNanos=2310539}
2018-11-25 10:53:33.852  INFO 53558 --- [cluster-ClusterId{value='5bf9e47d5c62f8d136f9bfa4', description='null'}-localhost:27017] org.mongodb.driver.cluster               : Discovered cluster type of STANDALONE
2018-11-25 10:53:34.398  INFO 53558 --- [main] s.w.s.m.m.a.RequestMappingHandlerAdapter : Looking for @ControllerAdvice: org.springframework.boot.web.servlet.context.AnnotationConfigServletWebServerApplicationContext@7fdaaac8: startup date [Sun Nov 25 10:53:32 AEDT 2018]; root of context hierarchy
2018-11-25 10:53:34.513  INFO 53558 --- [main] s.w.s.m.m.a.RequestMappingHandlerMapping : Mapped "{[/api/onemda/sayHello],methods=[GET]}" onto public java.lang.String com.onemda.onemdabackend.controller.OnemdaController.sayHello()
2018-11-25 10:53:34.517  INFO 53558 --- [main] s.w.s.m.m.a.RequestMappingHandlerMapping : Mapped "{[/api/onemda/instructorfeedback],methods=[POST]}" onto public void com.onemda.onemdabackend.controller.OnemdaController.postInstructorFeedback(com.onemda.onemdabackend.model.InstructorFeedback)
2018-11-25 10:53:34.518  INFO 53558 --- [main] s.w.s.m.m.a.RequestMappingHandlerMapping : Mapped "{[/api/onemda/instructorfeedback],methods=[GET]}" onto public java.util.List<com.onemda.onemdabackend.model.InstructorFeedback> com.onemda.onemdabackend.controller.OnemdaController.getInstructorFeedback()
2018-11-25 10:53:34.523  INFO 53558 --- [main] s.w.s.m.m.a.RequestMappingHandlerMapping : Mapped "{[/error]}" onto public org.springframework.http.ResponseEntity<java.util.Map<java.lang.String, java.lang.Object>> org.springframework.boot.autoconfigure.web.servlet.error.BasicErrorController.error(javax.servlet.http.HttpServletRequest)
2018-11-25 10:53:34.524  INFO 53558 --- [main] s.w.s.m.m.a.RequestMappingHandlerMapping : Mapped "{[/error],produces=[text/html]}" onto public org.springframework.web.servlet.ModelAndView org.springframework.boot.autoconfigure.web.servlet.error.BasicErrorController.errorHtml(javax.servlet.http.HttpServletRequest,javax.servlet.http.HttpServletResponse)
2018-11-25 10:53:34.565  INFO 53558 --- [main] o.s.w.s.handler.SimpleUrlHandlerMapping  : Mapped URL path [/webjars/**] onto handler of type [class org.springframework.web.servlet.resource.ResourceHttpRequestHandler]
2018-11-25 10:53:34.566  INFO 53558 --- [main] o.s.w.s.handler.SimpleUrlHandlerMapping  : Mapped URL path [/**] onto handler of type [class org.springframework.web.servlet.resource.ResourceHttpRequestHandler]
2018-11-25 10:53:34.586  INFO 53558 --- [main] .m.m.a.ExceptionHandlerExceptionResolver : Detected @ExceptionHandler methods in controllerExceptionAdvisor
2018-11-25 10:53:34.616  INFO 53558 --- [main] o.s.w.s.handler.SimpleUrlHandlerMapping  : Mapped URL path [/**/favicon.ico] onto handler of type [class org.springframework.web.servlet.resource.ResourceHttpRequestHandler]
2018-11-25 10:53:34.822  INFO 53558 --- [main] o.s.j.e.a.AnnotationMBeanExporter        : Registering beans for JMX exposure on startup
2018-11-25 10:53:34.867  INFO 53558 --- [main] o.s.b.w.embedded.tomcat.TomcatWebServer  : Tomcat started on port(s): 8099 (http) with context path ''
2018-11-25 10:53:34.871  INFO 53558 --- [main] c.o.onemdabackend.OnemdaApplication      : Started OnemdaApplication in 3.09 seconds (JVM running for 5.752)
2018-11-25 10:53:47.528  INFO 53558 --- [http-nio-8099-exec-1] o.a.c.c.C.[Tomcat].[localhost].[/]       : Initializing Spring FrameworkServlet 'dispatcherServlet'
2018-11-25 10:53:47.530  INFO 53558 --- [http-nio-8099-exec-1] o.s.web.servlet.DispatcherServlet        : FrameworkServlet 'dispatcherServlet': initialization started
2018-11-25 10:53:47.550  INFO 53558 --- [http-nio-8099-exec-1] o.s.web.servlet.DispatcherServlet        : FrameworkServlet 'dispatcherServlet': initialization completed in 19 ms
2018-11-25 10:58:06.093  INFO 53558 --- [http-nio-8099-exec-6] org.mongodb.driver.connection            : Opened connection [connectionId{localValue:2, serverValue:20}] to localhost:27017
